app/build/intermediates/manifest_merge_blame_file/debug/manifest-merger-blame-debug-report.txt
1<?xml version="1.0" encoding="utf-8"?>
2<manifest xmlns:android="http://schemas.android.com/apk/res/android"
3    package="com.example.Omotecconnect"
4    android:versionCode="1"
5    android:versionName="1.0" >
6
7    <uses-sdk
8        android:minSdkVersion="21"
8-->src\main\AndroidManifest.xml
9        android:targetSdkVersion="29" />
9-->src\main\AndroidManifest.xml
10
11    <uses-permission android:name="android.permission.CALL_PHONE" />
11-->src\main\AndroidManifest.xml:5:5-69
11-->src\main\AndroidManifest.xml:5:22-66
12    <uses-permission android:name="android.permission.INTERNET" />
12-->src\main\AndroidManifest.xml:6:5-67
12-->src\main\AndroidManifest.xml:6:22-64
13    <uses-permission android:name="android.permission.ACCESS_NETWORK_STATE" />
13-->src\main\AndroidManifest.xml:7:5-79
13-->src\main\AndroidManifest.xml:7:22-76
14    <uses-permission android:name="android.permission.ACCESS_WIFI_STATE" />
14-->src\main\AndroidManifest.xml:8:5-76
14-->src\main\AndroidManifest.xml:8:22-73
15    <uses-permission android:name="android.permission.WAKE_LOCK" /> <!-- Required by older versions of Google Play services to create IID tokens -->
15-->[com.google.android.gms:play-services-measurement-api:17.2.2] AndroidManifest.xml:24:5-68
15-->[com.google.android.gms:play-services-measurement-api:17.2.2] AndroidManifest.xml:24:22-65
16    <uses-permission android:name="com.google.android.c2dm.permission.RECEIVE" />
16-->[com.google.firebase:firebase-iid:20.0.2] AndroidManifest.xml:26:5-82
16-->[com.google.firebase:firebase-iid:20.0.2] AndroidManifest.xml:26:22-79
17    <uses-permission android:name="com.google.android.finsky.permission.BIND_GET_INSTALL_REFERRER_SERVICE" />
17-->[com.google.android.gms:play-services-measurement:17.2.2] AndroidManifest.xml:26:5-110
17-->[com.google.android.gms:play-services-measurement:17.2.2] AndroidManifest.xml:26:22-107
18
19    <application
19-->src\main\AndroidManifest.xml:10:5-41:19
20        android:name="com.example.Omotecconnect.AppController"
20-->src\main\AndroidManifest.xml:11:9-63
21        android:allowBackup="true"
21-->src\main\AndroidManifest.xml:12:9-35
22        android:appComponentFactory="androidx.core.app.CoreComponentFactory"
22-->[androidx.core:core:1.1.0] AndroidManifest.xml:24:18-86
23        android:debuggable="true"
24        android:icon="@mipmap/ic_launcher"
24-->src\main\AndroidManifest.xml:13:9-43
25        android:label="@string/app_name"
25-->src\main\AndroidManifest.xml:14:9-41
26        android:roundIcon="@mipmap/ic_launcher_round"
26-->src\main\AndroidManifest.xml:15:9-54
27        android:supportsRtl="true"
27-->src\main\AndroidManifest.xml:16:9-35
28        android:testOnly="true"
29        android:theme="@style/AppTheme" >
29-->src\main\AndroidManifest.xml:17:9-40
30        <activity android:name="com.example.Omotecconnect.Forgot_Password" />
30-->src\main\AndroidManifest.xml:18:9-87
30-->src\main\AndroidManifest.xml:18:19-75
31
32        <uses-library
32-->src\main\AndroidManifest.xml:20:9-22:40
33            android:name="org.apache.http.legacy"
33-->src\main\AndroidManifest.xml:21:13-50
34            android:required="false" />
34-->src\main\AndroidManifest.xml:22:13-37
35
36        <activity
36-->src\main\AndroidManifest.xml:24:9-27:59
37            android:name="com.example.Omotecconnect.HomePage"
37-->src\main\AndroidManifest.xml:25:13-62
38            android:label="@string/title_activity_home_page"
38-->src\main\AndroidManifest.xml:26:13-61
39            android:theme="@style/AppTheme.NoActionBar" />
39-->src\main\AndroidManifest.xml:27:13-56
40        <activity
40-->src\main\AndroidManifest.xml:28:9-31:59
41            android:name="com.example.Omotecconnect.ContactUsActivity"
41-->src\main\AndroidManifest.xml:29:13-71
42            android:label="@string/title_activity_contact_us"
42-->src\main\AndroidManifest.xml:30:13-62
43            android:theme="@style/AppTheme.NoActionBar" />
43-->src\main\AndroidManifest.xml:31:13-56
44        <activity android:name="com.example.Omotecconnect.CourseDetailsActivity" />
44-->src\main\AndroidManifest.xml:32:9-84
44-->src\main\AndroidManifest.xml:32:19-81
45        <activity android:name="com.example.Omotecconnect.testing" />
45-->src\main\AndroidManifest.xml:33:9-70
45-->src\main\AndroidManifest.xml:33:19-67
46        <activity android:name="com.example.Omotecconnect.MainActivity" >
46-->src\main\AndroidManifest.xml:34:9-40:20
46-->src\main\AndroidManifest.xml:34:19-72
47            <intent-filter>
47-->src\main\AndroidManifest.xml:35:13-39:29
48                <action android:name="android.intent.action.MAIN" />
48-->src\main\AndroidManifest.xml:36:17-69
48-->src\main\AndroidManifest.xml:36:25-66
49
50                <category android:name="android.intent.category.LAUNCHER" />
50-->src\main\AndroidManifest.xml:38:17-77
50-->src\main\AndroidManifest.xml:38:27-74
51            </intent-filter>
52        </activity>
53
54        <service
54-->[com.google.firebase:firebase-firestore:21.4.0] AndroidManifest.xml:17:9-23:19
55            android:name="com.google.firebase.components.ComponentDiscoveryService"
55-->[com.google.firebase:firebase-firestore:21.4.0] AndroidManifest.xml:18:13-84
56            android:directBootAware="true"
56-->[com.google.firebase:firebase-common:19.3.0] AndroidManifest.xml:34:13-43
57            android:exported="false" >
57-->[com.google.firebase:firebase-firestore:21.4.0] AndroidManifest.xml:19:13-37
58            <meta-data
58-->[com.google.firebase:firebase-firestore:21.4.0] AndroidManifest.xml:20:13-22:85
59                android:name="com.google.firebase.components:com.google.firebase.firestore.FirestoreRegistrar"
59-->[com.google.firebase:firebase-firestore:21.4.0] AndroidManifest.xml:21:17-111
60                android:value="com.google.firebase.components.ComponentRegistrar" />
60-->[com.google.firebase:firebase-firestore:21.4.0] AndroidManifest.xml:22:17-82
61            <meta-data
61-->[com.google.android.gms:play-services-measurement-api:17.2.2] AndroidManifest.xml:30:13-32:85
62                android:name="com.google.firebase.components:com.google.firebase.analytics.connector.internal.AnalyticsConnectorRegistrar"
62-->[com.google.android.gms:play-services-measurement-api:17.2.2] AndroidManifest.xml:31:17-139
63                android:value="com.google.firebase.components.ComponentRegistrar" />
63-->[com.google.android.gms:play-services-measurement-api:17.2.2] AndroidManifest.xml:32:17-82
64            <meta-data
64-->[com.google.firebase:firebase-iid:20.0.2] AndroidManifest.xml:32:13-34:85
65                android:name="com.google.firebase.components:com.google.firebase.iid.Registrar"
65-->[com.google.firebase:firebase-iid:20.0.2] AndroidManifest.xml:33:17-96
66                android:value="com.google.firebase.components.ComponentRegistrar" />
66-->[com.google.firebase:firebase-iid:20.0.2] AndroidManifest.xml:34:17-82
67        </service>
68
69        <provider
69-->[com.squareup.picasso:picasso:2.71828] AndroidManifest.xml:8:9-11:40
70            android:name="com.squareup.picasso.PicassoProvider"
70-->[com.squareup.picasso:picasso:2.71828] AndroidManifest.xml:9:13-64
71            android:authorities="com.example.Omotecconnect.com.squareup.picasso"
71-->[com.squareup.picasso:picasso:2.71828] AndroidManifest.xml:10:13-72
72            android:exported="false" />
72-->[com.squareup.picasso:picasso:2.71828] AndroidManifest.xml:11:13-37
73
74        <receiver
74-->[com.google.firebase:firebase-iid:20.0.2] AndroidManifest.xml:37:9-44:20
75            android:name="com.google.firebase.iid.FirebaseInstanceIdReceiver"
75-->[com.google.firebase:firebase-iid:20.0.2] AndroidManifest.xml:38:13-78
76            android:exported="true"
76-->[com.google.firebase:firebase-iid:20.0.2] AndroidManifest.xml:39:13-36
77            android:permission="com.google.android.c2dm.permission.SEND" >
77-->[com.google.firebase:firebase-iid:20.0.2] AndroidManifest.xml:40:13-73
78            <intent-filter>
78-->[com.google.firebase:firebase-iid:20.0.2] AndroidManifest.xml:41:13-43:29
79                <action android:name="com.google.android.c2dm.intent.RECEIVE" />
79-->[com.google.firebase:firebase-iid:20.0.2] AndroidManifest.xml:42:17-81
79-->[com.google.firebase:firebase-iid:20.0.2] AndroidManifest.xml:42:25-78
80            </intent-filter>
81        </receiver>
82
83        <activity
83-->[com.google.android.gms:play-services-base:17.0.0] AndroidManifest.xml:23:9-26:75
84            android:name="com.google.android.gms.common.api.GoogleApiActivity"
84-->[com.google.android.gms:play-services-base:17.0.0] AndroidManifest.xml:24:13-79
85            android:exported="false"
85-->[com.google.android.gms:play-services-base:17.0.0] AndroidManifest.xml:25:13-37
86            android:theme="@android:style/Theme.Translucent.NoTitleBar" />
86-->[com.google.android.gms:play-services-base:17.0.0] AndroidManifest.xml:26:13-72
87
88        <provider
88-->[com.google.firebase:firebase-common:19.3.0] AndroidManifest.xml:26:9-30:39
89            android:name="com.google.firebase.provider.FirebaseInitProvider"
89-->[com.google.firebase:firebase-common:19.3.0] AndroidManifest.xml:27:13-77
90            android:authorities="com.example.Omotecconnect.firebaseinitprovider"
90-->[com.google.firebase:firebase-common:19.3.0] AndroidManifest.xml:28:13-72
91            android:exported="false"
91-->[com.google.firebase:firebase-common:19.3.0] AndroidManifest.xml:29:13-37
92            android:initOrder="100" />
92-->[com.google.firebase:firebase-common:19.3.0] AndroidManifest.xml:30:13-36
93
94        <receiver
94-->[com.google.android.gms:play-services-measurement:17.2.2] AndroidManifest.xml:29:9-33:20
95            android:name="com.google.android.gms.measurement.AppMeasurementReceiver"
95-->[com.google.android.gms:play-services-measurement:17.2.2] AndroidManifest.xml:30:13-85
96            android:enabled="true"
96-->[com.google.android.gms:play-services-measurement:17.2.2] AndroidManifest.xml:31:13-35
97            android:exported="false" >
97-->[com.google.android.gms:play-services-measurement:17.2.2] AndroidManifest.xml:32:13-37
98        </receiver>
99        <receiver
99-->[com.google.android.gms:play-services-measurement:17.2.2] AndroidManifest.xml:34:9-42:20
100            android:name="com.google.android.gms.measurement.AppMeasurementInstallReferrerReceiver"
100-->[com.google.android.gms:play-services-measurement:17.2.2] AndroidManifest.xml:35:13-100
101            android:enabled="true"
101-->[com.google.android.gms:play-services-measurement:17.2.2] AndroidManifest.xml:36:13-35
102            android:exported="true"
102-->[com.google.android.gms:play-services-measurement:17.2.2] AndroidManifest.xml:37:13-36
103            android:permission="android.permission.INSTALL_PACKAGES" >
103-->[com.google.android.gms:play-services-measurement:17.2.2] AndroidManifest.xml:38:13-69
104            <intent-filter>
104-->[com.google.android.gms:play-services-measurement:17.2.2] AndroidManifest.xml:39:13-41:29
105                <action android:name="com.android.vending.INSTALL_REFERRER" />
105-->[com.google.android.gms:play-services-measurement:17.2.2] AndroidManifest.xml:40:17-79
105-->[com.google.android.gms:play-services-measurement:17.2.2] AndroidManifest.xml:40:25-76
106            </intent-filter>
107        </receiver>
108
109        <service
109-->[com.google.android.gms:play-services-measurement:17.2.2] AndroidManifest.xml:44:9-47:40
110            android:name="com.google.android.gms.measurement.AppMeasurementService"
110-->[com.google.android.gms:play-services-measurement:17.2.2] AndroidManifest.xml:45:13-84
111            android:enabled="true"
111-->[com.google.android.gms:play-services-measurement:17.2.2] AndroidManifest.xml:46:13-35
112            android:exported="false" />
112-->[com.google.android.gms:play-services-measurement:17.2.2] AndroidManifest.xml:47:13-37
113        <service
113-->[com.google.android.gms:play-services-measurement:17.2.2] AndroidManifest.xml:48:9-52:72
114            android:name="com.google.android.gms.measurement.AppMeasurementJobService"
114-->[com.google.android.gms:play-services-measurement:17.2.2] AndroidManifest.xml:49:13-87
115            android:enabled="true"
115-->[com.google.android.gms:play-services-measurement:17.2.2] AndroidManifest.xml:50:13-35
116            android:exported="false"
116-->[com.google.android.gms:play-services-measurement:17.2.2] AndroidManifest.xml:51:13-37
117            android:permission="android.permission.BIND_JOB_SERVICE" />
117-->[com.google.android.gms:play-services-measurement:17.2.2] AndroidManifest.xml:52:13-69
118
119        <meta-data
119-->[com.google.android.gms:play-services-basement:17.0.0] AndroidManifest.xml:23:9-25:69
120            android:name="com.google.android.gms.version"
120-->[com.google.android.gms:play-services-basement:17.0.0] AndroidManifest.xml:24:13-58
121            android:value="@integer/google_play_services_version" />
121-->[com.google.android.gms:play-services-basement:17.0.0] AndroidManifest.xml:25:13-66
122    </application>
123
124</manifest>